<?xml version="1.0" encoding="UTF-8"?>
<!-- Generated by org.testng.reporters.JUnitReportReporter -->
<testsuite hostname="DESKTOP-COFDFM7" failures="0" tests="1" name="testCases.LoginTestCases" time="3.987" errors="0" timestamp="2024-01-13T21:00:22 IST" skipped="0">
  <testcase classname="testCases.LoginTestCases" name="invalidLoginTest" time="3.987"/>
  <system-out/>
</testsuite> <!-- testCases.LoginTestCases -->
