<?xml version="1.0" encoding="UTF-8"?>
<!-- Generated by org.testng.reporters.JUnitReportReporter -->
<testsuite hostname="DESKTOP-COFDFM7" failures="0" tests="2" name="testCases.RegisterTestCases" time="7.435" errors="0" timestamp="2024-01-13T21:22:54 IST" skipped="0">
  <testcase classname="testCases.RegisterTestCases" name="verifyRegistrationwithInValidData" time="3.505"/>
  <system-out/>
  <testcase classname="testCases.RegisterTestCases" name="verifyRegistrationWithBlankData" time="3.930"/>
  <system-out/>
</testsuite> <!-- testCases.RegisterTestCases -->
